<?xml version="1.0" encoding="UTF-8"?>
<testsuite name="com.target.myRetail.MyRetailTests" tests="1" skipped="0" failures="0" errors="0" timestamp="2021-08-23T07:03:19" hostname="C02ZC09YLVDV" time="0.172">
  <properties/>
  <testcase name="Get Product Data" classname="com.target.myRetail.MyRetailTests" time="0.172"/>
  <system-out><![CDATA[
  .   ____          _            __ _ _
 /\\ / ___'_ __ _ _(_)_ __  __ _ \ \ \ \
( ( )\___ | '_ | '_| | '_ \/ _` | \ \ \ \
 \\/  ___)| |_)| | | | | || (_| |  ) ) ) )
  '  |____| .__|_| |_|_| |_\__, | / / / /
 =========|_|==============|___/=/_/_/_/
 :: Spring Boot ::        (v2.0.1.RELEASE)

]]></system-out>
  <system-err><![CDATA[ERROR StatusLogger Log4j2 could not find a logging implementation. Please add log4j-core to the classpath. Using SimpleLogger to log to the console...
SLF4J: Failed to load class "org.slf4j.impl.StaticLoggerBinder".
SLF4J: Defaulting to no-operation (NOP) logger implementation
SLF4J: See http://www.slf4j.org/codes.html#StaticLoggerBinder for further details.
[2021-08-23 02:03:17.804] - 76280 INFO [Test worker] --- org.mongodb.driver.cluster: Cluster created with settings {hosts=[localhost:27017], mode=MULTIPLE, requiredClusterType=UNKNOWN, serverSelectionTimeout='30000 ms', maxWaitQueueSize=500}
[2021-08-23 02:03:17.808] - 76280 INFO [Test worker] --- org.mongodb.driver.cluster: Adding discovered server localhost:27017 to client view of cluster
[2021-08-23 02:03:17.858] - 76280 INFO [cluster-ClusterId{value='6123483564e7f929f88994b0', description='null'}-localhost:27017] --- org.mongodb.driver.connection: Opened connection [connectionId{localValue:1, serverValue:144}] to localhost:27017
[2021-08-23 02:03:17.862] - 76280 INFO [cluster-ClusterId{value='6123483564e7f929f88994b0', description='null'}-localhost:27017] --- org.mongodb.driver.cluster: Monitor thread successfully connected to server with description ServerDescription{address=localhost:27017, type=STANDALONE, state=CONNECTED, ok=true, version=ServerVersion{versionList=[5, 0, 2]}, minWireVersion=0, maxWireVersion=13, maxDocumentSize=16777216, logicalSessionTimeoutMinutes=30, roundTripTimeNanos=2016901}
[2021-08-23 02:03:17.864] - 76280 INFO [cluster-ClusterId{value='6123483564e7f929f88994b0', description='null'}-localhost:27017] --- org.mongodb.driver.cluster: Discovered cluster type of STANDALONE
[2021-08-23 02:03:19.235] - 76280 INFO [Test worker] --- org.mongodb.driver.connection: Opened connection [connectionId{localValue:2, serverValue:145}] to localhost:27017
]]></system-err>
</testsuite>
